<?xml version="1.0" encoding="UTF-8"?>
<!-- Generated by org.testng.reporters.JUnitXMLReporter -->
<testsuite ignored="2" hostname="LAPTOP-0QEPCK00" failures="0" tests="2" name="Test" time="0.032" errors="0" timestamp="07 Apr 2024 18:37:14 GMT">
  <testcase classname="test.TestCaseGrouping" name="testCaseOne" time="0.008"/>
  <testcase classname="test.TestCaseGrouping" name="testCaseTwo" time="0.001"/>
  <testcase classname="test.TestCaseGrouping" name="testCaseFour" time="0.0">
    <ignored/>
  </testcase> <!-- testCaseFour -->
  <testcase classname="test.TestCaseGrouping" name="testCaseThree" time="0.0">
    <ignored/>
  </testcase> <!-- testCaseThree -->
</testsuite> <!-- Test -->
