<?xml version="1.0" encoding="UTF-8"?>
<!-- Generated by org.testng.reporters.JUnitXMLReporter -->
<testsuite ignored="0" hostname="LAPTOP-0QEPCK00" failures="0" tests="3" name="Unit Test" time="0.036" errors="0" timestamp="07 Apr 2024 18:45:20 GMT">
  <testcase classname="testDataProvider.DataProviderParameterExample" name="commonScenarios" time="0.007"/>
  <testcase classname="testDataProvider.DataProviderParameterExample" name="scenario1" time="0.001"/>
  <testcase classname="testDataProvider.DataProviderParameterExample" name="scenario2" time="0.0"/>
</testsuite> <!-- Unit Test -->
