<?xml version="1.0" encoding="UTF-8"?>
<testng-results ignored="0" total="5" passed="5" failed="0" skipped="0">
  <reporter-output>
  </reporter-output>
  <suite started-at="2024-04-07T18:45:20Z" name="Data Provider Suite" finished-at="2024-04-07T18:45:20Z" duration-ms="127">
    <groups>
    </groups>
    <test started-at="2024-04-07T18:45:20Z" name="Unit Test" finished-at="2024-04-07T18:45:20Z" duration-ms="36">
      <class name="testDataProvider.DataProviderParameterExample">
        <test-method signature="commonScenarios(java.lang.String)[pri:0, instance:testDataProvider.DataProviderParameterExample@275bf9b3]" started-at="2024-04-07T18:45:20Z" name="commonScenarios" data-provider="scenarioData" finished-at="2024-04-07T18:45:20Z" duration-ms="7" status="PASS">
          <params>
            <param index="0">
              <value>
                <![CDATA[Common scenario data]]>
              </value>
            </param>
          </params>
          <reporter-output>
          </reporter-output>
        </test-method> <!-- commonScenarios -->
        <test-method signature="scenario1(java.lang.String)[pri:0, instance:testDataProvider.DataProviderParameterExample@275bf9b3]" started-at="2024-04-07T18:45:20Z" name="scenario1" data-provider="scenarioData" finished-at="2024-04-07T18:45:20Z" duration-ms="1" status="PASS">
          <params>
            <param index="0">
              <value>
                <![CDATA[Scenario1 data]]>
              </value>
            </param>
          </params>
          <reporter-output>
          </reporter-output>
        </test-method> <!-- scenario1 -->
        <test-method signature="scenario2(java.lang.String)[pri:0, instance:testDataProvider.DataProviderParameterExample@275bf9b3]" started-at="2024-04-07T18:45:20Z" name="scenario2" data-provider="scenarioData" finished-at="2024-04-07T18:45:20Z" duration-ms="0" status="PASS">
          <params>
            <param index="0">
              <value>
                <![CDATA[Scenario2 data]]>
              </value>
            </param>
          </params>
          <reporter-output>
          </reporter-output>
        </test-method> <!-- scenario2 -->
      </class> <!-- testDataProvider.DataProviderParameterExample -->
    </test> <!-- Unit Test -->
    <test started-at="2024-04-07T18:45:20Z" name="IntegrationLevel" finished-at="2024-04-07T18:45:20Z" duration-ms="3">
      <class name="testDataProvider.DataProviderIntegrationExample">
        <test-method signature="integrationTest(java.lang.String)[pri:0, instance:testDataProvider.DataProviderIntegrationExample@5e403b4a]" started-at="2024-04-07T18:45:20Z" name="integrationTest" data-provider="TestType" finished-at="2024-04-07T18:45:20Z" duration-ms="1" status="PASS">
          <params>
            <param index="0">
              <value>
                <![CDATA[Integration test data]]>
              </value>
            </param>
          </params>
          <reporter-output>
          </reporter-output>
        </test-method> <!-- integrationTest -->
      </class> <!-- testDataProvider.DataProviderIntegrationExample -->
    </test> <!-- IntegrationLevel -->
    <test started-at="2024-04-07T18:45:20Z" name="AcceptanceLevel" finished-at="2024-04-07T18:45:20Z" duration-ms="4">
      <class name="testDataProvider.DataProviderAcceptanceExample">
        <test-method signature="acceptanceTest(java.lang.String)[pri:0, instance:testDataProvider.DataProviderAcceptanceExample@327af41b]" started-at="2024-04-07T18:45:20Z" name="acceptanceTest" data-provider="TestType" finished-at="2024-04-07T18:45:20Z" duration-ms="1" status="PASS">
          <params>
            <param index="0">
              <value>
                <![CDATA[Acceptance test data]]>
              </value>
            </param>
          </params>
          <reporter-output>
          </reporter-output>
        </test-method> <!-- acceptanceTest -->
      </class> <!-- testDataProvider.DataProviderAcceptanceExample -->
    </test> <!-- AcceptanceLevel -->
  </suite> <!-- Data Provider Suite -->
</testng-results>
